{
  "stats": {
    "suites": 1,
    "tests": 2,
    "passes": 1,
    "pending": 0,
    "failures": 1,
    "start": "2025-06-28T23:42:47.093Z",
    "end": "2025-06-28T23:42:48.713Z",
    "duration": 1620,
    "testsRegistered": 2,
    "passPercent": 50,
    "pendingPercent": 0,
    "other": 0,
    "hasOther": false,
    "skipped": 0,
    "hasSkipped": false
  },
  "results": [
    {
      "uuid": "12f87d80-22b6-49f8-b241-1785f026c34b",
      "title": "",
      "fullFile": "cypress\\e2e\\login.cy.js",
      "file": "cypress\\e2e\\login.cy.js",
      "beforeHooks": [],
      "afterHooks": [],
      "tests": [],
      "suites": [
        {
          "uuid": "19682c8a-c9bf-463c-9c33-0f92828368b6",
          "title": "login",
          "fullFile": "",
          "file": "",
          "beforeHooks": [],
          "afterHooks": [],
          "tests": [
            {
              "title": "login with valid credentials",
              "fullTitle": "login login with valid credentials",
              "timedOut": null,
              "duration": 769,
              "state": "failed",
              "speed": null,
              "pass": false,
              "fail": true,
              "pending": false,
              "context": null,
              "code": "_login_page.default.visit();\n_login_page.default.performLogin();\n_login_page.default.validateSuccess();",
              "err": {
                "message": "CypressError: `cy.type()` can only accept a string or number. You passed in: `undefined`\n\nhttps://on.cypress.io/type",
                "estack": "CypressError: `cy.type()` can only accept a string or number. You passed in: `undefined`\n\nhttps://on.cypress.io/type\n    at Context.type (https://www.saucedemo.com/__cypress/runner/cypress_runner.js:116752:68)\n    at wrapped (https://www.saucedemo.com/__cypress/runner/cypress_runner.js:141524:19)\n    at <unknown> (https://www.saucedemo.com/__cypress/runner/cypress_runner.js:147469:15)\n    at tryCatcher (https://www.saucedemo.com/__cypress/runner/cypress_runner.js:1777:23)\n    at Promise._settlePromiseFromHandler (https://www.saucedemo.com/__cypress/runner/cypress_runner.js:1489:31)\n    at Promise._settlePromise (https://www.saucedemo.com/__cypress/runner/cypress_runner.js:1546:18)\n    at Promise._settlePromiseCtx (https://www.saucedemo.com/__cypress/runner/cypress_runner.js:1583:10)\n    at _drainQueueStep (https://www.saucedemo.com/__cypress/runner/cypress_runner.js:2381:12)\n    at _drainQueue (https://www.saucedemo.com/__cypress/runner/cypress_runner.js:2370:9)\n    at Async._drainQueues (https://www.saucedemo.com/__cypress/runner/cypress_runner.js:2386:5)\n    at Async.drainQueues (https://www.saucedemo.com/__cypress/runner/cypress_runner.js:2256:14)",
                "diff": null
              },
              "uuid": "6d343a20-f1f1-453e-a572-7bb5a91bc0d2",
              "parentUUID": "19682c8a-c9bf-463c-9c33-0f92828368b6",
              "isHook": false,
              "skipped": false
            },
            {
              "title": "login with invalid credentials",
              "fullTitle": "login login with invalid credentials",
              "timedOut": null,
              "duration": 801,
              "state": "passed",
              "speed": "fast",
              "pass": true,
              "fail": false,
              "pending": false,
              "context": null,
              "code": "_login_page.default.visit();\n_login_page.default.performLogin(\"123\", \"auce\");\n_login_page.default.validateFail();",
              "err": {},
              "uuid": "667ce477-cb7c-42f3-94cf-b66c3ec192b1",
              "parentUUID": "19682c8a-c9bf-463c-9c33-0f92828368b6",
              "isHook": false,
              "skipped": false
            }
          ],
          "suites": [],
          "passes": [
            "667ce477-cb7c-42f3-94cf-b66c3ec192b1"
          ],
          "failures": [
            "6d343a20-f1f1-453e-a572-7bb5a91bc0d2"
          ],
          "pending": [],
          "skipped": [],
          "duration": 1570,
          "root": false,
          "rootEmpty": false,
          "_timeout": 2000
        }
      ],
      "passes": [],
      "failures": [],
      "pending": [],
      "skipped": [],
      "duration": 0,
      "root": true,
      "rootEmpty": true,
      "_timeout": 2000
    }
  ],
  "meta": {
    "mocha": {
      "version": "7.2.0"
    },
    "mochawesome": {
      "options": {
        "quiet": false,
        "reportFilename": "mochawesome",
        "saveHtml": true,
        "saveJson": true,
        "consoleReporter": "spec",
        "useInlineDiffs": false,
        "code": true
      },
      "version": "7.1.3"
    },
    "marge": {
      "options": {
        "reportDir": "cypress/reports",
        "overwrite": false,
        "html": true,
        "json": true
      },
      "version": "6.2.0"
    }
  }
}