{
  "stats": {
    "suites": 1,
    "tests": 2,
    "passes": 2,
    "pending": 0,
    "failures": 0,
    "start": "2025-06-28T23:44:40.649Z",
    "end": "2025-06-28T23:44:42.503Z",
    "duration": 1854,
    "testsRegistered": 2,
    "passPercent": 100,
    "pendingPercent": 0,
    "other": 0,
    "hasOther": false,
    "skipped": 0,
    "hasSkipped": false
  },
  "results": [
    {
      "uuid": "2f2eaf4e-6bcd-4a05-a710-333e6e2b1765",
      "title": "",
      "fullFile": "cypress\\e2e\\login.cy.js",
      "file": "cypress\\e2e\\login.cy.js",
      "beforeHooks": [],
      "afterHooks": [],
      "tests": [],
      "suites": [
        {
          "uuid": "75ec9352-12a5-4909-8660-e236a86d10f7",
          "title": "login",
          "fullFile": "",
          "file": "",
          "beforeHooks": [],
          "afterHooks": [],
          "tests": [
            {
              "title": "login with valid credentials",
              "fullTitle": "login login with valid credentials",
              "timedOut": null,
              "duration": 1062,
              "state": "passed",
              "speed": "fast",
              "pass": true,
              "fail": false,
              "pending": false,
              "context": null,
              "code": "_login_page.default.visit();\n_login_page.default.performLogin();\n_login_page.default.validateSuccess();",
              "err": {},
              "uuid": "7d0bd9d2-a2c9-4bee-841d-b8a80c773fa5",
              "parentUUID": "75ec9352-12a5-4909-8660-e236a86d10f7",
              "isHook": false,
              "skipped": false
            },
            {
              "title": "login with invalid credentials",
              "fullTitle": "login login with invalid credentials",
              "timedOut": null,
              "duration": 746,
              "state": "passed",
              "speed": "fast",
              "pass": true,
              "fail": false,
              "pending": false,
              "context": null,
              "code": "_login_page.default.visit();\n_login_page.default.performLogin(\"123\", \"auce\");\n_login_page.default.validateFail();",
              "err": {},
              "uuid": "8ce8b7c2-7912-4d32-ab7c-2808911856e0",
              "parentUUID": "75ec9352-12a5-4909-8660-e236a86d10f7",
              "isHook": false,
              "skipped": false
            }
          ],
          "suites": [],
          "passes": [
            "7d0bd9d2-a2c9-4bee-841d-b8a80c773fa5",
            "8ce8b7c2-7912-4d32-ab7c-2808911856e0"
          ],
          "failures": [],
          "pending": [],
          "skipped": [],
          "duration": 1808,
          "root": false,
          "rootEmpty": false,
          "_timeout": 2000
        }
      ],
      "passes": [],
      "failures": [],
      "pending": [],
      "skipped": [],
      "duration": 0,
      "root": true,
      "rootEmpty": true,
      "_timeout": 2000
    }
  ],
  "meta": {
    "mocha": {
      "version": "7.2.0"
    },
    "mochawesome": {
      "options": {
        "quiet": false,
        "reportFilename": "mochawesome",
        "saveHtml": true,
        "saveJson": true,
        "consoleReporter": "spec",
        "useInlineDiffs": false,
        "code": true
      },
      "version": "7.1.3"
    },
    "marge": {
      "options": {
        "reportDir": "cypress/reports",
        "overwrite": false,
        "html": true,
        "json": true
      },
      "version": "6.2.0"
    }
  }
}