{
  "stats": {
    "suites": 1,
    "tests": 1,
    "passes": 0,
    "pending": 0,
    "failures": 1,
    "start": "2025-06-28T23:42:44.743Z",
    "end": "2025-06-28T23:42:46.280Z",
    "duration": 1537,
    "testsRegistered": 1,
    "passPercent": 0,
    "pendingPercent": 0,
    "other": 0,
    "hasOther": false,
    "skipped": 0,
    "hasSkipped": false
  },
  "results": [
    {
      "uuid": "91911b5c-93cb-4bcc-a922-021943d5e565",
      "title": "",
      "fullFile": "cypress\\e2e\\filters.cy.js",
      "file": "cypress\\e2e\\filters.cy.js",
      "beforeHooks": [],
      "afterHooks": [],
      "tests": [],
      "suites": [
        {
          "uuid": "22d7cc11-bdb2-4724-83d9-b23a7ddd4c51",
          "title": "validar filtros",
          "fullFile": "",
          "file": "",
          "beforeHooks": [],
          "afterHooks": [],
          "tests": [
            {
              "title": "validar mayor-menor precio",
              "fullTitle": "validar filtros validar mayor-menor precio",
              "timedOut": null,
              "duration": 1524,
              "state": "failed",
              "speed": null,
              "pass": false,
              "fail": true,
              "pending": false,
              "context": null,
              "code": "_product_pages.default.elements.filter().select(\"hilo\");\n_product_pages.default.elements.cardsElements().then($prices => {\n  const prices = [...$prices].map(p => parseFloat(p.innerText.replace(\"$\", \"\")));\n  const sorted_prices = prices.sort((a, b) => b - a);\n  expect(prices).to.deep.equal(sorted_prices);\n});",
              "err": {
                "message": "CypressError: `cy.type()` can only accept a string or number. You passed in: `undefined`\n\nhttps://on.cypress.io/type\n\nBecause this error occurred during a `before each` hook we are skipping the remaining tests in the current suite: `validar filtros`",
                "estack": "CypressError: `cy.type()` can only accept a string or number. You passed in: `undefined`\n\nhttps://on.cypress.io/type\n\nBecause this error occurred during a `before each` hook we are skipping the remaining tests in the current suite: `validar filtros`\n    at Context.type (https://www.saucedemo.com/__cypress/runner/cypress_runner.js:116752:68)\n    at wrapped (https://www.saucedemo.com/__cypress/runner/cypress_runner.js:141524:19)\n    at <unknown> (https://www.saucedemo.com/__cypress/runner/cypress_runner.js:147469:15)\n    at tryCatcher (https://www.saucedemo.com/__cypress/runner/cypress_runner.js:1777:23)\n    at Promise._settlePromiseFromHandler (https://www.saucedemo.com/__cypress/runner/cypress_runner.js:1489:31)\n    at Promise._settlePromise (https://www.saucedemo.com/__cypress/runner/cypress_runner.js:1546:18)\n    at Promise._settlePromiseCtx (https://www.saucedemo.com/__cypress/runner/cypress_runner.js:1583:10)\n    at _drainQueueStep (https://www.saucedemo.com/__cypress/runner/cypress_runner.js:2381:12)\n    at _drainQueue (https://www.saucedemo.com/__cypress/runner/cypress_runner.js:2370:9)\n    at Async._drainQueues (https://www.saucedemo.com/__cypress/runner/cypress_runner.js:2386:5)\n    at Async.drainQueues (https://www.saucedemo.com/__cypress/runner/cypress_runner.js:2256:14)",
                "diff": null
              },
              "uuid": "9b9d812d-6cf9-412b-b44b-ef0d1f047602",
              "parentUUID": "22d7cc11-bdb2-4724-83d9-b23a7ddd4c51",
              "isHook": false,
              "skipped": false
            }
          ],
          "suites": [],
          "passes": [],
          "failures": [
            "9b9d812d-6cf9-412b-b44b-ef0d1f047602"
          ],
          "pending": [],
          "skipped": [],
          "duration": 1524,
          "root": false,
          "rootEmpty": false,
          "_timeout": 2000
        }
      ],
      "passes": [],
      "failures": [],
      "pending": [],
      "skipped": [],
      "duration": 0,
      "root": true,
      "rootEmpty": true,
      "_timeout": 2000
    }
  ],
  "meta": {
    "mocha": {
      "version": "7.2.0"
    },
    "mochawesome": {
      "options": {
        "quiet": false,
        "reportFilename": "mochawesome",
        "saveHtml": true,
        "saveJson": true,
        "consoleReporter": "spec",
        "useInlineDiffs": false,
        "code": true
      },
      "version": "7.1.3"
    },
    "marge": {
      "options": {
        "reportDir": "cypress/reports",
        "overwrite": false,
        "html": true,
        "json": true
      },
      "version": "6.2.0"
    }
  }
}